生成启动时间为 2016/6/2 17:10:14。
     1>项目“F:\1.sdkcore\10.dev\sdk_dev\comLib\build\win32\comLib.vcxproj”在节点 4 上(build 个目标)。
     1>InitializeBuildStatus:
         正在创建“Debug\comLib.unsuccessfulbuild”，因为已指定“AlwaysCreate”。
       ClCompile:
         C:\Program Files (x86)\Microsoft Visual Studio 10.0\VC\bin\CL.exe /c /I..\..\..\ /IF:\1.sdkcore\10.dev\sdk_dev\0_butel\windows_2010\..\..\.. /ZI /nologo /W3 /WX- /Od /Oy- /D WIN32 /D _DEBUG /D _WINDOWS /D _USRDLL /D COMLIB_EXPORTS /D _WINDLL /D _UNICODE /D UNICODE /Gm /EHsc /RTC1 /MDd /GS /fp:precise /Zc:wchar_t /Zc:forScope /Fo"Debug\\" /Fd"Debug\vc100.pdb" /Gd /TP /analyze- /errorReport:prompt ..\..\DateTime.cpp ..\..\GMRWLockImp.cpp ..\..\IniFile.cpp ..\..\Logger.cpp ..\..\Logger_impl.cpp ..\..\LogHelper.cpp ..\..\SysUtil.cpp ..\..\dhntimer\DHNTimer.cpp ..\..\dhntimer\DHNTimerTask.cpp ..\..\dhntimer\Time_Value.cpp ..\..\sys\cJSON.cpp ..\..\sys\getopt.cpp ..\..\sys\gettimeofday.cpp ..\..\sys\SystemStat.cpp
         SystemStat.cpp
     1>f:\1.sdkcore\10.dev\sdk_dev\comlib\loghelper.h : warning C4819: 该文件包含不能在当前代码页(936)中表示的字符。请将该文件保存为 Unicode 格式以防止数据丢失
     1>f:\1.sdkcore\10.dev\sdk_dev\comlib\sys\systemstat.cpp(446): warning C4996: 'sprintf': This function or variable may be unsafe. Consider using sprintf_s instead. To disable deprecation, use _CRT_SECURE_NO_WARNINGS. See online help for details.
                 c:\program files (x86)\microsoft visual studio 10.0\vc\include\stdio.h(371) : 参见“sprintf”的声明
     1>f:\1.sdkcore\10.dev\sdk_dev\comlib\sys\systemstat.cpp(447): warning C4996: 'strcat': This function or variable may be unsafe. Consider using strcat_s instead. To disable deprecation, use _CRT_SECURE_NO_WARNINGS. See online help for details.
                 c:\program files (x86)\microsoft visual studio 10.0\vc\include\string.h(110) : 参见“strcat”的声明
         gettimeofday.cpp
         getopt.cpp
         cJSON.cpp
     1>f:\1.sdkcore\10.dev\sdk_dev\comlib\sys\cjson.cpp(126): warning C4996: 'sprintf': This function or variable may be unsafe. Consider using sprintf_s instead. To disable deprecation, use _CRT_SECURE_NO_WARNINGS. See online help for details.
                 c:\program files (x86)\microsoft visual studio 10.0\vc\include\stdio.h(371) : 参见“sprintf”的声明
     1>f:\1.sdkcore\10.dev\sdk_dev\comlib\sys\cjson.cpp(133): warning C4996: 'sprintf': This function or variable may be unsafe. Consider using sprintf_s instead. To disable deprecation, use _CRT_SECURE_NO_WARNINGS. See online help for details.
                 c:\program files (x86)\microsoft visual studio 10.0\vc\include\stdio.h(371) : 参见“sprintf”的声明
     1>f:\1.sdkcore\10.dev\sdk_dev\comlib\sys\cjson.cpp(134): warning C4996: 'sprintf': This function or variable may be unsafe. Consider using sprintf_s instead. To disable deprecation, use _CRT_SECURE_NO_WARNINGS. See online help for details.
                 c:\program files (x86)\microsoft visual studio 10.0\vc\include\stdio.h(371) : 参见“sprintf”的声明
     1>f:\1.sdkcore\10.dev\sdk_dev\comlib\sys\cjson.cpp(135): warning C4996: 'sprintf': This function or variable may be unsafe. Consider using sprintf_s instead. To disable deprecation, use _CRT_SECURE_NO_WARNINGS. See online help for details.
                 c:\program files (x86)\microsoft visual studio 10.0\vc\include\stdio.h(371) : 参见“sprintf”的声明
     1>f:\1.sdkcore\10.dev\sdk_dev\comlib\sys\cjson.cpp(168): warning C4996: 'sscanf': This function or variable may be unsafe. Consider using sscanf_s instead. To disable deprecation, use _CRT_SECURE_NO_WARNINGS. See online help for details.
                 c:\program files (x86)\microsoft visual studio 10.0\vc\include\stdio.h(325) : 参见“sscanf”的声明
     1>f:\1.sdkcore\10.dev\sdk_dev\comlib\sys\cjson.cpp(175): warning C4996: 'sscanf': This function or variable may be unsafe. Consider using sscanf_s instead. To disable deprecation, use _CRT_SECURE_NO_WARNINGS. See online help for details.
                 c:\program files (x86)\microsoft visual studio 10.0\vc\include\stdio.h(325) : 参见“sscanf”的声明
     1>f:\1.sdkcore\10.dev\sdk_dev\comlib\sys\cjson.cpp(230): warning C4996: 'sprintf': This function or variable may be unsafe. Consider using sprintf_s instead. To disable deprecation, use _CRT_SECURE_NO_WARNINGS. See online help for details.
                 c:\program files (x86)\microsoft visual studio 10.0\vc\include\stdio.h(371) : 参见“sprintf”的声明
     1>f:\1.sdkcore\10.dev\sdk_dev\comlib\sys\cjson.cpp(369): warning C4996: 'strcpy': This function or variable may be unsafe. Consider using strcpy_s instead. To disable deprecation, use _CRT_SECURE_NO_WARNINGS. See online help for details.
                 c:\program files (x86)\microsoft visual studio 10.0\vc\include\string.h(105) : 参见“strcpy”的声明
     1>f:\1.sdkcore\10.dev\sdk_dev\comlib\sys\cjson.cpp(458): warning C4996: 'strcpy': This function or variable may be unsafe. Consider using strcpy_s instead. To disable deprecation, use _CRT_SECURE_NO_WARNINGS. See online help for details.
                 c:\program files (x86)\microsoft visual studio 10.0\vc\include\string.h(105) : 参见“strcpy”的声明
     1>f:\1.sdkcore\10.dev\sdk_dev\comlib\sys\cjson.cpp(460): warning C4996: 'strcpy': This function or variable may be unsafe. Consider using strcpy_s instead. To disable deprecation, use _CRT_SECURE_NO_WARNINGS. See online help for details.
                 c:\program files (x86)\microsoft visual studio 10.0\vc\include\string.h(105) : 参见“strcpy”的声明
         Time_Value.cpp
     1>f:\1.sdkcore\10.dev\sdk_dev\comlib\loghelper.h : warning C4819: 该文件包含不能在当前代码页(936)中表示的字符。请将该文件保存为 Unicode 格式以防止数据丢失
         DHNTimerTask.cpp
     1>f:\1.sdkcore\10.dev\sdk_dev\comlib\loghelper.h : warning C4819: 该文件包含不能在当前代码页(936)中表示的字符。请将该文件保存为 Unicode 格式以防止数据丢失
         DHNTimer.cpp
     1>f:\1.sdkcore\10.dev\sdk_dev\comlib\loghelper.h : warning C4819: 该文件包含不能在当前代码页(936)中表示的字符。请将该文件保存为 Unicode 格式以防止数据丢失
         SysUtil.cpp
     1>f:\1.sdkcore\10.dev\sdk_dev\comlib\sysutil.cpp(301): warning C4996: 'wcstombs': This function or variable may be unsafe. Consider using wcstombs_s instead. To disable deprecation, use _CRT_SECURE_NO_WARNINGS. See online help for details.
                 c:\program files (x86)\microsoft visual studio 10.0\vc\include\stdlib.h(533) : 参见“wcstombs”的声明
     1>f:\1.sdkcore\10.dev\sdk_dev\comlib\sysutil.cpp(319): warning C4996: 'mbstowcs': This function or variable may be unsafe. Consider using mbstowcs_s instead. To disable deprecation, use _CRT_SECURE_NO_WARNINGS. See online help for details.
                 c:\program files (x86)\microsoft visual studio 10.0\vc\include\stdlib.h(498) : 参见“mbstowcs”的声明
     1>f:\1.sdkcore\10.dev\sdk_dev\comlib\sysutil.cpp(344): warning C4996: '_open': This function or variable may be unsafe. Consider using _sopen_s instead. To disable deprecation, use _CRT_SECURE_NO_WARNINGS. See online help for details.
                 c:\program files (x86)\microsoft visual studio 10.0\vc\include\io.h(240) : 参见“_open”的声明
         LogHelper.cpp
     1>f:\1.sdkcore\10.dev\sdk_dev\comlib\loghelper.cpp : warning C4819: 该文件包含不能在当前代码页(936)中表示的字符。请将该文件保存为 Unicode 格式以防止数据丢失
     1>f:\1.sdkcore\10.dev\sdk_dev\comlib\loghelper.h : warning C4819: 该文件包含不能在当前代码页(936)中表示的字符。请将该文件保存为 Unicode 格式以防止数据丢失
     1>f:\1.sdkcore\10.dev\sdk_dev\comlib\loghelper.cpp(134): warning C4996: 'vsnprintf': This function or variable may be unsafe. Consider using vsnprintf_s instead. To disable deprecation, use _CRT_SECURE_NO_WARNINGS. See online help for details.
                 c:\program files (x86)\microsoft visual studio 10.0\vc\include\stdio.h(354) : 参见“vsnprintf”的声明
     1>f:\1.sdkcore\10.dev\sdk_dev\comlib\loghelper.cpp(151): warning C4996: 'vsnprintf': This function or variable may be unsafe. Consider using vsnprintf_s instead. To disable deprecation, use _CRT_SECURE_NO_WARNINGS. See online help for details.
                 c:\program files (x86)\microsoft visual studio 10.0\vc\include\stdio.h(354) : 参见“vsnprintf”的声明
     1>f:\1.sdkcore\10.dev\sdk_dev\comlib\loghelper.cpp(168): warning C4996: 'vsnprintf': This function or variable may be unsafe. Consider using vsnprintf_s instead. To disable deprecation, use _CRT_SECURE_NO_WARNINGS. See online help for details.
                 c:\program files (x86)\microsoft visual studio 10.0\vc\include\stdio.h(354) : 参见“vsnprintf”的声明
     1>f:\1.sdkcore\10.dev\sdk_dev\comlib\loghelper.cpp(185): warning C4996: 'vsnprintf': This function or variable may be unsafe. Consider using vsnprintf_s instead. To disable deprecation, use _CRT_SECURE_NO_WARNINGS. See online help for details.
                 c:\program files (x86)\microsoft visual studio 10.0\vc\include\stdio.h(354) : 参见“vsnprintf”的声明
         Logger_impl.cpp
     1>f:\1.sdkcore\10.dev\sdk_dev\comlib\loghelper.h : warning C4819: 该文件包含不能在当前代码页(936)中表示的字符。请将该文件保存为 Unicode 格式以防止数据丢失
     1>f:\1.sdkcore\10.dev\sdk_dev\comlib\logger_impl.cpp(346): warning C4996: '_ftime64': This function or variable may be unsafe. Consider using _ftime64_s instead. To disable deprecation, use _CRT_SECURE_NO_WARNINGS. See online help for details.
                 c:\program files (x86)\microsoft visual studio 10.0\vc\include\sys\timeb.h(124) : 参见“_ftime64”的声明
     1>f:\1.sdkcore\10.dev\sdk_dev\comlib\logger_impl.cpp(347): warning C4996: 'localtime': This function or variable may be unsafe. Consider using localtime_s instead. To disable deprecation, use _CRT_SECURE_NO_WARNINGS. See online help for details.
                 c:\program files (x86)\microsoft visual studio 10.0\vc\include\time.inl(112) : 参见“localtime”的声明
     1>f:\1.sdkcore\10.dev\sdk_dev\comlib\logger_impl.cpp(364): warning C4996: '_snprintf': This function or variable may be unsafe. Consider using _snprintf_s instead. To disable deprecation, use _CRT_SECURE_NO_WARNINGS. See online help for details.
                 c:\program files (x86)\microsoft visual studio 10.0\vc\include\stdio.h(363) : 参见“_snprintf”的声明
     1>f:\1.sdkcore\10.dev\sdk_dev\comlib\logger_impl.cpp(837): warning C4996: 'strncpy': This function or variable may be unsafe. Consider using strncpy_s instead. To disable deprecation, use _CRT_SECURE_NO_WARNINGS. See online help for details.
                 c:\program files (x86)\microsoft visual studio 10.0\vc\include\string.h(188) : 参见“strncpy”的声明
     1>f:\1.sdkcore\10.dev\sdk_dev\comlib\logger_impl.cpp(847): warning C4996: 'strncpy': This function or variable may be unsafe. Consider using strncpy_s instead. To disable deprecation, use _CRT_SECURE_NO_WARNINGS. See online help for details.
                 c:\program files (x86)\microsoft visual studio 10.0\vc\include\string.h(188) : 参见“strncpy”的声明
     1>f:\1.sdkcore\10.dev\sdk_dev\comlib\logger_impl.cpp(854): warning C4996: 'strncpy': This function or variable may be unsafe. Consider using strncpy_s instead. To disable deprecation, use _CRT_SECURE_NO_WARNINGS. See online help for details.
                 c:\program files (x86)\microsoft visual studio 10.0\vc\include\string.h(188) : 参见“strncpy”的声明
         Logger.cpp
     1>f:\1.sdkcore\10.dev\sdk_dev\comlib\loghelper.h : warning C4819: 该文件包含不能在当前代码页(936)中表示的字符。请将该文件保存为 Unicode 格式以防止数据丢失
     1>f:\1.sdkcore\10.dev\sdk_dev\comlib\logger.cpp(59): warning C4996: 'strncpy': This function or variable may be unsafe. Consider using strncpy_s instead. To disable deprecation, use _CRT_SECURE_NO_WARNINGS. See online help for details.
                 c:\program files (x86)\microsoft visual studio 10.0\vc\include\string.h(188) : 参见“strncpy”的声明
     1>f:\1.sdkcore\10.dev\sdk_dev\comlib\logger.cpp(75): warning C4996: 'strncpy': This function or variable may be unsafe. Consider using strncpy_s instead. To disable deprecation, use _CRT_SECURE_NO_WARNINGS. See online help for details.
                 c:\program files (x86)\microsoft visual studio 10.0\vc\include\string.h(188) : 参见“strncpy”的声明
     1>f:\1.sdkcore\10.dev\sdk_dev\comlib\logger.cpp(87): warning C4996: '_vsnprintf': This function or variable may be unsafe. Consider using _vsnprintf_s instead. To disable deprecation, use _CRT_SECURE_NO_WARNINGS. See online help for details.
                 c:\program files (x86)\microsoft visual studio 10.0\vc\include\stdio.h(363) : 参见“_vsnprintf”的声明
     1>f:\1.sdkcore\10.dev\sdk_dev\comlib\logger.cpp(123): warning C4996: '_vsnprintf': This function or variable may be unsafe. Consider using _vsnprintf_s instead. To disable deprecation, use _CRT_SECURE_NO_WARNINGS. See online help for details.
                 c:\program files (x86)\microsoft visual studio 10.0\vc\include\stdio.h(363) : 参见“_vsnprintf”的声明
     1>f:\1.sdkcore\10.dev\sdk_dev\comlib\logger.cpp(135): warning C4996: '_vsnprintf': This function or variable may be unsafe. Consider using _vsnprintf_s instead. To disable deprecation, use _CRT_SECURE_NO_WARNINGS. See online help for details.
                 c:\program files (x86)\microsoft visual studio 10.0\vc\include\stdio.h(363) : 参见“_vsnprintf”的声明
     1>f:\1.sdkcore\10.dev\sdk_dev\comlib\logger.cpp(147): warning C4996: '_vsnprintf': This function or variable may be unsafe. Consider using _vsnprintf_s instead. To disable deprecation, use _CRT_SECURE_NO_WARNINGS. See online help for details.
                 c:\program files (x86)\microsoft visual studio 10.0\vc\include\stdio.h(363) : 参见“_vsnprintf”的声明
     1>f:\1.sdkcore\10.dev\sdk_dev\comlib\logger.cpp(159): warning C4996: '_vsnprintf': This function or variable may be unsafe. Consider using _vsnprintf_s instead. To disable deprecation, use _CRT_SECURE_NO_WARNINGS. See online help for details.
                 c:\program files (x86)\microsoft visual studio 10.0\vc\include\stdio.h(363) : 参见“_vsnprintf”的声明
     1>f:\1.sdkcore\10.dev\sdk_dev\comlib\logger.cpp(171): warning C4996: '_vsnprintf': This function or variable may be unsafe. Consider using _vsnprintf_s instead. To disable deprecation, use _CRT_SECURE_NO_WARNINGS. See online help for details.
                 c:\program files (x86)\microsoft visual studio 10.0\vc\include\stdio.h(363) : 参见“_vsnprintf”的声明
     1>f:\1.sdkcore\10.dev\sdk_dev\comlib\logger.cpp(183): warning C4996: '_vsnprintf': This function or variable may be unsafe. Consider using _vsnprintf_s instead. To disable deprecation, use _CRT_SECURE_NO_WARNINGS. See online help for details.
                 c:\program files (x86)\microsoft visual studio 10.0\vc\include\stdio.h(363) : 参见“_vsnprintf”的声明
     1>f:\1.sdkcore\10.dev\sdk_dev\comlib\logger.cpp(194): warning C4996: '_vsnprintf': This function or variable may be unsafe. Consider using _vsnprintf_s instead. To disable deprecation, use _CRT_SECURE_NO_WARNINGS. See online help for details.
                 c:\program files (x86)\microsoft visual studio 10.0\vc\include\stdio.h(363) : 参见“_vsnprintf”的声明
     1>f:\1.sdkcore\10.dev\sdk_dev\comlib\logger.cpp(392): warning C4996: '_vsnprintf': This function or variable may be unsafe. Consider using _vsnprintf_s instead. To disable deprecation, use _CRT_SECURE_NO_WARNINGS. See online help for details.
                 c:\program files (x86)\microsoft visual studio 10.0\vc\include\stdio.h(363) : 参见“_vsnprintf”的声明
     1>f:\1.sdkcore\10.dev\sdk_dev\comlib\logger.cpp(443): warning C4996: '_snprintf': This function or variable may be unsafe. Consider using _snprintf_s instead. To disable deprecation, use _CRT_SECURE_NO_WARNINGS. See online help for details.
                 c:\program files (x86)\microsoft visual studio 10.0\vc\include\stdio.h(363) : 参见“_snprintf”的声明
     1>f:\1.sdkcore\10.dev\sdk_dev\comlib\logger.cpp(451): warning C4996: '_snprintf': This function or variable may be unsafe. Consider using _snprintf_s instead. To disable deprecation, use _CRT_SECURE_NO_WARNINGS. See online help for details.
                 c:\program files (x86)\microsoft visual studio 10.0\vc\include\stdio.h(363) : 参见“_snprintf”的声明
     1>f:\1.sdkcore\10.dev\sdk_dev\comlib\logger.cpp(483): warning C4996: '_ftime64': This function or variable may be unsafe. Consider using _ftime64_s instead. To disable deprecation, use _CRT_SECURE_NO_WARNINGS. See online help for details.
                 c:\program files (x86)\microsoft visual studio 10.0\vc\include\sys\timeb.h(124) : 参见“_ftime64”的声明
     1>f:\1.sdkcore\10.dev\sdk_dev\comlib\logger.cpp(484): warning C4996: 'localtime': This function or variable may be unsafe. Consider using localtime_s instead. To disable deprecation, use _CRT_SECURE_NO_WARNINGS. See online help for details.
                 c:\program files (x86)\microsoft visual studio 10.0\vc\include\time.inl(112) : 参见“localtime”的声明
     1>f:\1.sdkcore\10.dev\sdk_dev\comlib\logger.cpp(504): warning C4996: '_snprintf': This function or variable may be unsafe. Consider using _snprintf_s instead. To disable deprecation, use _CRT_SECURE_NO_WARNINGS. See online help for details.
                 c:\program files (x86)\microsoft visual studio 10.0\vc\include\stdio.h(363) : 参见“_snprintf”的声明
     1>f:\1.sdkcore\10.dev\sdk_dev\comlib\logger.cpp(625): warning C4996: 'strcpy': This function or variable may be unsafe. Consider using strcpy_s instead. To disable deprecation, use _CRT_SECURE_NO_WARNINGS. See online help for details.
                 c:\program files (x86)\microsoft visual studio 10.0\vc\include\string.h(105) : 参见“strcpy”的声明
         IniFile.cpp
     1>f:\1.sdkcore\10.dev\sdk_dev\comlib\loghelper.h : warning C4819: 该文件包含不能在当前代码页(936)中表示的字符。请将该文件保存为 Unicode 格式以防止数据丢失
     1>f:\1.sdkcore\10.dev\sdk_dev\comlib\inifile.cpp(42): warning C4996: 'sscanf': This function or variable may be unsafe. Consider using sscanf_s instead. To disable deprecation, use _CRT_SECURE_NO_WARNINGS. See online help for details.
                 c:\program files (x86)\microsoft visual studio 10.0\vc\include\stdio.h(325) : 参见“sscanf”的声明
     1>f:\1.sdkcore\10.dev\sdk_dev\comlib\inifile.cpp(361): warning C4996: 'fopen': This function or variable may be unsafe. Consider using fopen_s instead. To disable deprecation, use _CRT_SECURE_NO_WARNINGS. See online help for details.
                 c:\program files (x86)\microsoft visual studio 10.0\vc\include\stdio.h(234) : 参见“fopen”的声明
     1>f:\1.sdkcore\10.dev\sdk_dev\comlib\inifile.cpp(465): warning C4996: '_snprintf': This function or variable may be unsafe. Consider using _snprintf_s instead. To disable deprecation, use _CRT_SECURE_NO_WARNINGS. See online help for details.
                 c:\program files (x86)\microsoft visual studio 10.0\vc\include\stdio.h(363) : 参见“_snprintf”的声明
         GMRWLockImp.cpp
         DateTime.cpp
     1>f:\1.sdkcore\10.dev\sdk_dev\comlib\datetime.h(45): warning C4244: “return”: 从“const time_t”转换到“int”，可能丢失数据
     1>f:\1.sdkcore\10.dev\sdk_dev\comlib\datetime.h(55): warning C4244: “参数”: 从“const time_t”转换到“long”，可能丢失数据
     1>f:\1.sdkcore\10.dev\sdk_dev\comlib\datetime.h(61): warning C4244: “参数”: 从“const time_t”转换到“long”，可能丢失数据
     1>f:\1.sdkcore\10.dev\sdk_dev\comlib\datetime.h(63): warning C4244: “参数”: 从“const time_t”转换到“long”，可能丢失数据
     1>f:\1.sdkcore\10.dev\sdk_dev\comlib\datetime.h(85): warning C4244: “参数”: 从“const time_t”转换到“long”，可能丢失数据
     1>f:\1.sdkcore\10.dev\sdk_dev\comlib\datetime.h(87): warning C4244: “参数”: 从“const time_t”转换到“long”，可能丢失数据
     1>f:\1.sdkcore\10.dev\sdk_dev\comlib\datetime.cpp(53): warning C4996: 'localtime': This function or variable may be unsafe. Consider using localtime_s instead. To disable deprecation, use _CRT_SECURE_NO_WARNINGS. See online help for details.
                 c:\program files (x86)\microsoft visual studio 10.0\vc\include\time.inl(112) : 参见“localtime”的声明
     1>f:\1.sdkcore\10.dev\sdk_dev\comlib\datetime.cpp(83): warning C4996: 'sprintf': This function or variable may be unsafe. Consider using sprintf_s instead. To disable deprecation, use _CRT_SECURE_NO_WARNINGS. See online help for details.
                 c:\program files (x86)\microsoft visual studio 10.0\vc\include\stdio.h(371) : 参见“sprintf”的声明
     1>f:\1.sdkcore\10.dev\sdk_dev\comlib\datetime.cpp(91): warning C4996: 'sprintf': This function or variable may be unsafe. Consider using sprintf_s instead. To disable deprecation, use _CRT_SECURE_NO_WARNINGS. See online help for details.
                 c:\program files (x86)\microsoft visual studio 10.0\vc\include\stdio.h(371) : 参见“sprintf”的声明
     1>f:\1.sdkcore\10.dev\sdk_dev\comlib\datetime.cpp(99): warning C4996: 'sprintf': This function or variable may be unsafe. Consider using sprintf_s instead. To disable deprecation, use _CRT_SECURE_NO_WARNINGS. See online help for details.
                 c:\program files (x86)\microsoft visual studio 10.0\vc\include\stdio.h(371) : 参见“sprintf”的声明
     1>f:\1.sdkcore\10.dev\sdk_dev\comlib\datetime.cpp(108): warning C4996: 'sprintf': This function or variable may be unsafe. Consider using sprintf_s instead. To disable deprecation, use _CRT_SECURE_NO_WARNINGS. See online help for details.
                 c:\program files (x86)\microsoft visual studio 10.0\vc\include\stdio.h(371) : 参见“sprintf”的声明
     1>f:\1.sdkcore\10.dev\sdk_dev\comlib\datetime.cpp(116): warning C4244: “初始化”: 从“time_t”转换到“int”，可能丢失数据
     1>f:\1.sdkcore\10.dev\sdk_dev\comlib\datetime.cpp(121): warning C4996: 'sprintf': This function or variable may be unsafe. Consider using sprintf_s instead. To disable deprecation, use _CRT_SECURE_NO_WARNINGS. See online help for details.
                 c:\program files (x86)\microsoft visual studio 10.0\vc\include\stdio.h(371) : 参见“sprintf”的声明
     1>f:\1.sdkcore\10.dev\sdk_dev\comlib\datetime.cpp(123): warning C4996: 'sprintf': This function or variable may be unsafe. Consider using sprintf_s instead. To disable deprecation, use _CRT_SECURE_NO_WARNINGS. See online help for details.
                 c:\program files (x86)\microsoft visual studio 10.0\vc\include\stdio.h(371) : 参见“sprintf”的声明
     1>f:\1.sdkcore\10.dev\sdk_dev\comlib\datetime.cpp(125): warning C4996: 'sprintf': This function or variable may be unsafe. Consider using sprintf_s instead. To disable deprecation, use _CRT_SECURE_NO_WARNINGS. See online help for details.
                 c:\program files (x86)\microsoft visual studio 10.0\vc\include\stdio.h(371) : 参见“sprintf”的声明
     1>f:\1.sdkcore\10.dev\sdk_dev\comlib\datetime.cpp(127): warning C4996: 'sprintf': This function or variable may be unsafe. Consider using sprintf_s instead. To disable deprecation, use _CRT_SECURE_NO_WARNINGS. See online help for details.
                 c:\program files (x86)\microsoft visual studio 10.0\vc\include\stdio.h(371) : 参见“sprintf”的声明
     1>f:\1.sdkcore\10.dev\sdk_dev\comlib\datetime.cpp(136): warning C4996: '_ftime64': This function or variable may be unsafe. Consider using _ftime64_s instead. To disable deprecation, use _CRT_SECURE_NO_WARNINGS. See online help for details.
                 c:\program files (x86)\microsoft visual studio 10.0\vc\include\sys\timeb.h(124) : 参见“_ftime64”的声明
     1>f:\1.sdkcore\10.dev\sdk_dev\comlib\datetime.cpp(141): warning C4244: “参数”: 从“__time64_t”转换到“long”，可能丢失数据
         正在生成代码...
       ManifestResourceCompile:
         C:\Program Files (x86)\Microsoft SDKs\Windows\v7.0A\bin\rc.exe /nologo /fo"Debug\comLib.dll.embed.manifest.res" Debug\comLib_manifest.rc 
       Link:
         C:\Program Files (x86)\Microsoft Visual Studio 10.0\VC\bin\link.exe /ERRORREPORT:PROMPT /OUT:"F:\1.sdkcore\10.dev\sdk_dev\0_butel\windows_2010\..\..\Bin_2010\comLib.dll" /INCREMENTAL /NOLOGO ws2_32.lib kernel32.lib user32.lib gdi32.lib winspool.lib comdlg32.lib advapi32.lib shell32.lib ole32.lib oleaut32.lib uuid.lib odbc32.lib odbccp32.lib /MANIFEST /ManifestFile:"Debug\comLib.dll.intermediate.manifest" /MANIFESTUAC:"level='asInvoker' uiAccess='false'" /DEBUG /PDB:"F:\1.sdkcore\10.dev\sdk_dev\Bin_2010\comLib.pdb" /SUBSYSTEM:WINDOWS /TLBID:1 /DYNAMICBASE /NXCOMPAT /IMPLIB:"F:\1.sdkcore\10.dev\sdk_dev\0_butel\windows_2010\..\..\Lib_2010\comLib.lib" /MACHINE:X86 /DLL Debug\comLib.dll.embed.manifest.res
         Debug\DateTime.obj
         Debug\GMRWLockImp.obj
         Debug\IniFile.obj
         Debug\Logger.obj
         Debug\Logger_impl.obj
         Debug\LogHelper.obj
         Debug\SysUtil.obj
         Debug\DHNTimer.obj
         Debug\DHNTimerTask.obj
         Debug\Time_Value.obj
         Debug\cJSON.obj
         Debug\getopt.obj
         Debug\gettimeofday.obj
         Debug\SystemStat.obj
            正在创建库 F:\1.sdkcore\10.dev\sdk_dev\0_butel\windows_2010\..\..\Lib_2010\comLib.lib 和对象 F:\1.sdkcore\10.dev\sdk_dev\0_butel\windows_2010\..\..\Lib_2010\comLib.exp
       Manifest:
         C:\Program Files (x86)\Microsoft SDKs\Windows\v7.0A\bin\mt.exe /nologo /verbose /out:"Debug\comLib.dll.embed.manifest" /manifest Debug\comLib.dll.intermediate.manifest
         C:\Program Files (x86)\Microsoft SDKs\Windows\v7.0A\bin\rc.exe /nologo /fo"Debug\comLib.dll.embed.manifest.res" Debug\comLib_manifest.rc 
       LinkEmbedManifest:
         C:\Program Files (x86)\Microsoft Visual Studio 10.0\VC\bin\link.exe /ERRORREPORT:PROMPT /OUT:"F:\1.sdkcore\10.dev\sdk_dev\0_butel\windows_2010\..\..\Bin_2010\comLib.dll" /INCREMENTAL /NOLOGO ws2_32.lib kernel32.lib user32.lib gdi32.lib winspool.lib comdlg32.lib advapi32.lib shell32.lib ole32.lib oleaut32.lib uuid.lib odbc32.lib odbccp32.lib /MANIFEST /ManifestFile:"Debug\comLib.dll.intermediate.manifest" /MANIFESTUAC:"level='asInvoker' uiAccess='false'" /DEBUG /PDB:"F:\1.sdkcore\10.dev\sdk_dev\Bin_2010\comLib.pdb" /SUBSYSTEM:WINDOWS /TLBID:1 /DYNAMICBASE /NXCOMPAT /IMPLIB:"F:\1.sdkcore\10.dev\sdk_dev\0_butel\windows_2010\..\..\Lib_2010\comLib.lib" /MACHINE:X86 /DLL Debug\comLib.dll.embed.manifest.res
         Debug\DateTime.obj
         Debug\GMRWLockImp.obj
         Debug\IniFile.obj
         Debug\Logger.obj
         Debug\Logger_impl.obj
         Debug\LogHelper.obj
         Debug\SysUtil.obj
         Debug\DHNTimer.obj
         Debug\DHNTimerTask.obj
         Debug\Time_Value.obj
         Debug\cJSON.obj
         Debug\getopt.obj
         Debug\gettimeofday.obj
         Debug\SystemStat.obj
            正在创建库 F:\1.sdkcore\10.dev\sdk_dev\0_butel\windows_2010\..\..\Lib_2010\comLib.lib 和对象 F:\1.sdkcore\10.dev\sdk_dev\0_butel\windows_2010\..\..\Lib_2010\comLib.exp
         comLib.vcxproj -> F:\1.sdkcore\10.dev\sdk_dev\0_butel\windows_2010\..\..\Bin_2010\comLib.dll
       PostBuildEvent:
         move ..\..\..\Bin_2010\comLib.lib ..\..\lib
         del ..\..\..\Bin_2010\*.exp
         del ..\..\..\Bin_2010\*.ilk
         :VCEnd
         系统找不到指定的文件。
         找不到 F:\1.sdkcore\10.dev\sdk_dev\Bin_2010\*.exp
       FinalizeBuildStatus:
         正在删除文件“Debug\comLib.unsuccessfulbuild”。
         正在对“Debug\comLib.lastbuildstate”执行 Touch 任务。
     1>已完成生成项目“F:\1.sdkcore\10.dev\sdk_dev\comLib\build\win32\comLib.vcxproj”(build 个目标)的操作。

生成成功。

已用时间 00:00:12.52
