F:\1.sdkcore\10.dev\sdk_dev\0_butel\windows_2010\..\..\Bin_2010\comLib.dll
F:\1.sdkcore\10.dev\sdk_dev\0_butel\windows_2010\..\..\Bin_2010\comLib.pdb
F:\1.SDKCORE\10.DEV\SDK_DEV\BIN_2010\COMLIB.DLL
F:\1.SDKCORE\10.DEV\SDK_DEV\BIN_2010\COMLIB.ILK
F:\1.SDKCORE\10.DEV\SDK_DEV\BIN_2010\COMLIB.PDB
F:\1.SDKCORE\10.DEV\SDK_DEV\COMLIB\BUILD\WIN32\DEBUG\CJSON.OBJ
F:\1.sdkcore\10.dev\sdk_dev\comLib\build\win32\Debug\cl.command.1.tlog
F:\1.sdkcore\10.dev\sdk_dev\comLib\build\win32\Debug\CL.read.1.tlog
F:\1.sdkcore\10.dev\sdk_dev\comLib\build\win32\Debug\CL.write.1.tlog
F:\1.SDKCORE\10.DEV\SDK_DEV\COMLIB\BUILD\WIN32\DEBUG\COMLIB.DLL.EMBED.MANIFEST
F:\1.SDKCORE\10.DEV\SDK_DEV\COMLIB\BUILD\WIN32\DEBUG\COMLIB.DLL.EMBED.MANIFEST.RES
F:\1.SDKCORE\10.DEV\SDK_DEV\COMLIB\BUILD\WIN32\DEBUG\COMLIB.DLL.INTERMEDIATE.MANIFEST
F:\1.sdkcore\10.dev\sdk_dev\comLib\build\win32\Debug\comLib.write.1.tlog
F:\1.sdkcore\10.dev\sdk_dev\comLib\build\win32\Debug\comLib_manifest.rc
F:\1.SDKCORE\10.DEV\SDK_DEV\COMLIB\BUILD\WIN32\DEBUG\DATETIME.OBJ
F:\1.SDKCORE\10.DEV\SDK_DEV\COMLIB\BUILD\WIN32\DEBUG\DHNTIMER.OBJ
F:\1.SDKCORE\10.DEV\SDK_DEV\COMLIB\BUILD\WIN32\DEBUG\DHNTIMERTASK.OBJ
F:\1.SDKCORE\10.DEV\SDK_DEV\COMLIB\BUILD\WIN32\DEBUG\GETOPT.OBJ
F:\1.SDKCORE\10.DEV\SDK_DEV\COMLIB\BUILD\WIN32\DEBUG\GETTIMEOFDAY.OBJ
F:\1.SDKCORE\10.DEV\SDK_DEV\COMLIB\BUILD\WIN32\DEBUG\GMRWLOCKIMP.OBJ
F:\1.SDKCORE\10.DEV\SDK_DEV\COMLIB\BUILD\WIN32\DEBUG\INIFILE.OBJ
F:\1.sdkcore\10.dev\sdk_dev\comLib\build\win32\Debug\link.55280.read.1.tlog
F:\1.sdkcore\10.dev\sdk_dev\comLib\build\win32\Debug\link.55280.write.1.tlog
F:\1.sdkcore\10.dev\sdk_dev\comLib\build\win32\Debug\link.55280-cvtres.read.1.tlog
F:\1.sdkcore\10.dev\sdk_dev\comLib\build\win32\Debug\link.55280-cvtres.write.1.tlog
F:\1.sdkcore\10.dev\sdk_dev\comLib\build\win32\Debug\link.command.1.tlog
F:\1.sdkcore\10.dev\sdk_dev\comLib\build\win32\Debug\link.read.1.tlog
F:\1.sdkcore\10.dev\sdk_dev\comLib\build\win32\Debug\link.write.1.tlog
F:\1.sdkcore\10.dev\sdk_dev\comLib\build\win32\Debug\link-cvtres.read.1.tlog
F:\1.sdkcore\10.dev\sdk_dev\comLib\build\win32\Debug\link-cvtres.write.1.tlog
F:\1.SDKCORE\10.DEV\SDK_DEV\COMLIB\BUILD\WIN32\DEBUG\LOGGER.OBJ
F:\1.SDKCORE\10.DEV\SDK_DEV\COMLIB\BUILD\WIN32\DEBUG\LOGGER_IMPL.OBJ
F:\1.SDKCORE\10.DEV\SDK_DEV\COMLIB\BUILD\WIN32\DEBUG\LOGHELPER.OBJ
F:\1.sdkcore\10.dev\sdk_dev\comLib\build\win32\Debug\mt.command.1.tlog
F:\1.sdkcore\10.dev\sdk_dev\comLib\build\win32\Debug\mt.read.1.tlog
F:\1.sdkcore\10.dev\sdk_dev\comLib\build\win32\Debug\mt.write.1.tlog
F:\1.sdkcore\10.dev\sdk_dev\comLib\build\win32\Debug\rc.command.1.tlog
F:\1.sdkcore\10.dev\sdk_dev\comLib\build\win32\Debug\rc.read.1.tlog
F:\1.sdkcore\10.dev\sdk_dev\comLib\build\win32\Debug\rc.write.1.tlog
F:\1.SDKCORE\10.DEV\SDK_DEV\COMLIB\BUILD\WIN32\DEBUG\SYSTEMSTAT.OBJ
F:\1.SDKCORE\10.DEV\SDK_DEV\COMLIB\BUILD\WIN32\DEBUG\SYSUTIL.OBJ
F:\1.SDKCORE\10.DEV\SDK_DEV\COMLIB\BUILD\WIN32\DEBUG\TIME_VALUE.OBJ
F:\1.sdkcore\10.dev\sdk_dev\comLib\build\win32\Debug\vc100.idb
F:\1.SDKCORE\10.DEV\SDK_DEV\COMLIB\BUILD\WIN32\DEBUG\VC100.PDB
F:\1.sdkcore\10.dev\sdk_dev\Lib_2010\comLib.exp
F:\1.sdkcore\10.dev\sdk_dev\Lib_2010\comLib.lib
